mktextfm 12pt
mktextfm lmodern
mktextfm ec-lmss10+20
mktextfm ec-lmss10-20
mktextfm ec-lmss8+20
mktextfm ec-lmss8-20
mktextfm ec-lmss12+20
mktextfm ec-lmss12-20
mktextfm ec-lmss12+20
mktextfm ec-lmss12-20
mktextfm ec-lmss8+20
mktextfm ec-lmss8-20
mktextfm ec-lmss8+20
mktextfm ec-lmss8-20
mktextfm ec-lmssbx10+20
mktextfm ec-lmssbx10-20
mktextfm rm-lmss10+20
mktextfm rm-lmss10-20
mktextfm rm-lmss8+20
mktextfm rm-lmss8-20
mktextfm rm-lmss8+20
mktextfm rm-lmss8-20
mktextfm ec-lmsso10+20
mktextfm ec-lmsso10-20
mktextfm ec-lmsso8+20
mktextfm ec-lmsso8-20
mktextfm ec-lmsso8+20
mktextfm ec-lmsso8-20
mktextfm ec-lmss9+20
mktextfm ec-lmss9-20
mktextfm ec-lmss17+20
mktextfm ec-lmss17-20
